<?xml version="1.0" encoding="UTF-8"?>
<testng-results skipped="0" failed="0" ignored="0" total="2" passed="2">
  <reporter-output>
  </reporter-output>
  <suite name="Default suite" duration-ms="8148" started-at="2019-02-07T23:18:21Z" finished-at="2019-02-07T23:18:29Z">
    <groups>
    </groups>
    <test name="Default test" duration-ms="8148" started-at="2019-02-07T23:18:21Z" finished-at="2019-02-07T23:18:29Z">
      <class name="Property.Base">
        <test-method status="PASS" signature="openBrowser()[pri:0, instance:Property.Base@42d8062c]" name="openBrowser" duration-ms="5000" started-at="2019-02-07T23:18:21Z" finished-at="2019-02-07T23:18:26Z">
          <reporter-output>
          </reporter-output>
        </test-method> <!-- openBrowser -->
        <test-method status="PASS" signature="tearDown()[pri:0, instance:Property.Base@42d8062c]" name="tearDown" duration-ms="3111" started-at="2019-02-07T23:18:26Z" finished-at="2019-02-07T23:18:29Z">
          <reporter-output>
          </reporter-output>
        </test-method> <!-- tearDown -->
      </class> <!-- Property.Base -->
    </test> <!-- Default test -->
  </suite> <!-- Default suite -->
</testng-results>
